[INFOR]mainwindow.cpp(82)default::void MainWindow::startSystem():Config: network port: 23333
[INFOR]mainwindow.cpp(92)default::void MainWindow::startSystem():Config: database name: "ruilx"
[INFOR]mainwindow.cpp(102)default::void MainWindow::startSystem():Config: database host: "127.0.0.1"
[INFOR]mainwindow.cpp(114)default::void MainWindow::startSystem():Config: database port: 3306
[INFOR]mainwindow.cpp(124)default::void MainWindow::startSystem():Config: database user: "root"
[INFOR]mainwindow.cpp(141)default::void MainWindow::startSystem():Config: gcc path: "D:/Qt5.5.0/Tools/mingw492_32/bin/gcc.exe"
[INFOR]mainwindow.cpp(162)default::void MainWindow::startSystem():Config: g++ path: "D:/Qt5.5.0/Tools/mingw492_32/bin/g++.exe"
[INFOR]mainwindow.cpp(184)default::void MainWindow::startSystem():Config: javac path: "D:/Program Files/Java/jdk1.8.0_77/bin/javac.exe"
[INFOR]mainwindow.cpp(199)default::void MainWindow::startSystem():Request to open database...
[INFOR]com/database.cpp(30)default::bool Database::open():Database open successfully: "root" @ "127.0.0.1" : 3306
[INFOR]mainwindow.cpp(209)default::void MainWindow::startSystem():Request to open network...
[DEBUG]com/network.cpp(45)default::bool Network::startServer():Server has started at here bind port: 23333
[INFOR]mainwindow.cpp(219)default::void MainWindow::startSystem():Starting network communication server.
[INFOR]mainwindow.cpp(225)default::void MainWindow::startSystem():Maybe all ready server had been checking successfully!
[INFOR]com/database.cpp(18)default::virtual Database::~Database():Database close successfully.
[INFOR]mainwindow.cpp(83)void MainWindow::startSystem():Config: network port: 23333
[INFOR]mainwindow.cpp(93)void MainWindow::startSystem():Config: database name: "ruilx"
[INFOR]mainwindow.cpp(103)void MainWindow::startSystem():Config: database host: "127.0.0.1"
[INFOR]mainwindow.cpp(115)void MainWindow::startSystem():Config: database port: 3306
[INFOR]mainwindow.cpp(125)void MainWindow::startSystem():Config: database user: "root"
[INFOR]mainwindow.cpp(142)void MainWindow::startSystem():Config: gcc path: "D:/Qt5.5.0/Tools/mingw492_32/bin/gcc.exe"
[INFOR]mainwindow.cpp(163)void MainWindow::startSystem():Config: g++ path: "D:/Qt5.5.0/Tools/mingw492_32/bin/g++.exe"
[INFOR]mainwindow.cpp(185)void MainWindow::startSystem():Config: javac path: "D:/Program Files/Java/jdk1.8.0_77/bin/javac.exe"
[INFOR]mainwindow.cpp(200)void MainWindow::startSystem():Request to open database...
[INFOR]com/database.cpp(30)bool Database::open():Database open successfully: "root" @ "127.0.0.1" : 3306
[INFOR]mainwindow.cpp(210)void MainWindow::startSystem():Request to open network...
[DEBUG]com/network.cpp(45)bool Network::startServer():Server has started at here bind port: 23333
[INFOR]mainwindow.cpp(220)void MainWindow::startSystem():Starting network communication server.
[INFOR]mainwindow.cpp(226)void MainWindow::startSystem():Maybe all ready server had been checking successfully!
[INFOR]com/database.cpp(18)virtual Database::~Database():Database close successfully.
[INFOR]mainwindow.cpp(83)void MainWindow::startSystem():Config: network port: 23333
[INFOR]mainwindow.cpp(93)void MainWindow::startSystem():Config: database name: "ruilx"
[INFOR]mainwindow.cpp(103)void MainWindow::startSystem():Config: database host: "127.0.0.1"
[INFOR]mainwindow.cpp(115)void MainWindow::startSystem():Config: database port: 3306
[INFOR]mainwindow.cpp(125)void MainWindow::startSystem():Config: database user: "root"
[INFOR]mainwindow.cpp(142)void MainWindow::startSystem():Config: gcc path: "D:/Qt5.5.0/Tools/mingw492_32/bin/gcc.exe"
[INFOR]mainwindow.cpp(163)void MainWindow::startSystem():Config: g++ path: "D:/Qt5.5.0/Tools/mingw492_32/bin/g++.exe"
[INFOR]mainwindow.cpp(185)void MainWindow::startSystem():Config: javac path: "D:/Program Files/Java/jdk1.8.0_77/bin/javac.exe"
[INFOR]mainwindow.cpp(200)void MainWindow::startSystem():Request to open database...
[INFOR]com/database.cpp(30)bool Database::open():Database open successfully: "root" @ "127.0.0.1" : 3306
[INFOR]mainwindow.cpp(210)void MainWindow::startSystem():Request to open network...
[DEBUG]com/network.cpp(45)bool Network::startServer():Server has started at here bind port: 23333
[INFOR]mainwindow.cpp(220)void MainWindow::startSystem():Starting network communication server.
[INFOR]mainwindow.cpp(226)void MainWindow::startSystem():Maybe all ready server had been checking successfully!
[INFOR]com/database.cpp(18)virtual Database::~Database():Database close successfully.
[INFOR]mainwindow.cpp(86)void MainWindow::startSystem():Config: network port: 23333
[INFOR]mainwindow.cpp(96)void MainWindow::startSystem():Config: database name: "ruilx"
[INFOR]mainwindow.cpp(106)void MainWindow::startSystem():Config: database host: "127.0.0.1"
[INFOR]mainwindow.cpp(118)void MainWindow::startSystem():Config: database port: 3306
[INFOR]mainwindow.cpp(128)void MainWindow::startSystem():Config: database user: "root"
[INFOR]mainwindow.cpp(145)void MainWindow::startSystem():Config: gcc path: "D:/Qt5.5.0/Tools/mingw492_32/bin/gcc.exe"
[INFOR]mainwindow.cpp(166)void MainWindow::startSystem():Config: g++ path: "D:/Qt5.5.0/Tools/mingw492_32/bin/g++.exe"
[INFOR]mainwindow.cpp(188)void MainWindow::startSystem():Config: javac path: "D:/Program Files/Java/jdk1.8.0_77/bin/javac.exe"
[INFOR]mainwindow.cpp(203)void MainWindow::startSystem():Request to open database...
[INFOR]com/database.cpp(30)bool Database::open():Database open successfully: "root" @ "127.0.0.1" : 3306
[INFOR]mainwindow.cpp(213)void MainWindow::startSystem():Request to open network...
[DEBUG]com/network.cpp(45)bool Network::startServer():Server has started at here bind port: 23333
[INFOR]mainwindow.cpp(223)void MainWindow::startSystem():Starting network communication server.
[INFOR]mainwindow.cpp(229)void MainWindow::startSystem():Maybe all ready server had been checking successfully!
[INFOR]com/database.cpp(18)virtual Database::~Database():Database close successfully.
[INFOR]mainwindow.cpp(90)void MainWindow::startSystem():Config: network port: 23333
[INFOR]mainwindow.cpp(100)void MainWindow::startSystem():Config: database name: "ruilx"
[INFOR]mainwindow.cpp(110)void MainWindow::startSystem():Config: database host: "127.0.0.1"
[INFOR]mainwindow.cpp(122)void MainWindow::startSystem():Config: database port: 3306
[INFOR]mainwindow.cpp(132)void MainWindow::startSystem():Config: database user: "root"
[INFOR]mainwindow.cpp(149)void MainWindow::startSystem():Config: gcc path: "D:/Qt5.5.0/Tools/mingw492_32/bin/gcc.exe"
[INFOR]mainwindow.cpp(170)void MainWindow::startSystem():Config: g++ path: "D:/Qt5.5.0/Tools/mingw492_32/bin/g++.exe"
[INFOR]mainwindow.cpp(192)void MainWindow::startSystem():Config: javac path: "D:/Program Files/Java/jdk1.8.0_77/bin/javac.exe"
[INFOR]mainwindow.cpp(207)void MainWindow::startSystem():Request to open database...
[INFOR]com/database.cpp(30)bool Database::open():Database open successfully: "root" @ "127.0.0.1" : 3306
[INFOR]mainwindow.cpp(217)void MainWindow::startSystem():Request to open network...
[DEBUG]com/network.cpp(45)bool Network::startServer():Server has started at here bind port: 23333
[INFOR]mainwindow.cpp(227)void MainWindow::startSystem():Starting network communication server.
[INFOR]mainwindow.cpp(233)void MainWindow::startSystem():Maybe all ready server had been checking successfully!
[INFOR]com/database.cpp(18)virtual Database::~Database():Database close successfully.
[INFOR]mainwindow.cpp(89)void MainWindow::startSystem():Config: network port: 23333
[INFOR]mainwindow.cpp(99)void MainWindow::startSystem():Config: database name: "ruilx"
[INFOR]mainwindow.cpp(109)void MainWindow::startSystem():Config: database host: "127.0.0.1"
[INFOR]mainwindow.cpp(121)void MainWindow::startSystem():Config: database port: 3306
[INFOR]mainwindow.cpp(131)void MainWindow::startSystem():Config: database user: "root"
[INFOR]mainwindow.cpp(148)void MainWindow::startSystem():Config: gcc path: "D:/Qt5.5.0/Tools/mingw492_32/bin/gcc.exe"
[INFOR]mainwindow.cpp(169)void MainWindow::startSystem():Config: g++ path: "D:/Qt5.5.0/Tools/mingw492_32/bin/g++.exe"
[INFOR]mainwindow.cpp(191)void MainWindow::startSystem():Config: javac path: "D:/Program Files/Java/jdk1.8.0_77/bin/javac.exe"
[INFOR]mainwindow.cpp(206)void MainWindow::startSystem():Request to open database...
[INFOR]com/database.cpp(30)bool Database::open():Database open successfully: "root" @ "127.0.0.1" : 3306
[INFOR]mainwindow.cpp(216)void MainWindow::startSystem():Request to open network...
[DEBUG]com/network.cpp(45)bool Network::startServer():Server has started at here bind port: 23333
[INFOR]mainwindow.cpp(226)void MainWindow::startSystem():Starting network communication server.
[INFOR]mainwindow.cpp(232)void MainWindow::startSystem():Maybe all ready server had been checking successfully!
[INFOR]com/networkhandle.cpp(27)void NetworkHandle::start():ClientId: 0x430 ( QThread(0x1632d2b0) ) Connected.
[INFOR]com/networkhandle.cpp(10)void NetworkHandle::disconnected():ClientId: 0x430 ( QThread(0x1632d2b0) ) Disconnected.
[DEBUG]com/network.cpp(87)void Network::join(QThread*):Thread: QThread(0x1632d2b0) ( 0xbcc ) deleted.
[INFOR]com/database.cpp(18)virtual Database::~Database():Database close successfully.
[INFOR]mainwindow.cpp(89)void MainWindow::startSystem():Config: network port: 23333
[INFOR]mainwindow.cpp(99)void MainWindow::startSystem():Config: database name: "ruilx"
[INFOR]mainwindow.cpp(109)void MainWindow::startSystem():Config: database host: "127.0.0.1"
[INFOR]mainwindow.cpp(121)void MainWindow::startSystem():Config: database port: 3306
[INFOR]mainwindow.cpp(131)void MainWindow::startSystem():Config: database user: "root"
[INFOR]mainwindow.cpp(148)void MainWindow::startSystem():Config: gcc path: "D:/Qt5.5.0/Tools/mingw492_32/bin/gcc.exe"
[INFOR]mainwindow.cpp(169)void MainWindow::startSystem():Config: g++ path: "D:/Qt5.5.0/Tools/mingw492_32/bin/g++.exe"
[INFOR]mainwindow.cpp(191)void MainWindow::startSystem():Config: javac path: "D:/Program Files/Java/jdk1.8.0_77/bin/javac.exe"
[INFOR]mainwindow.cpp(206)void MainWindow::startSystem():Request to open database...
[INFOR]com/database.cpp(30)bool Database::open():Database open successfully: "root" @ "127.0.0.1" : 3306
[INFOR]mainwindow.cpp(216)void MainWindow::startSystem():Request to open network...
[DEBUG]com/network.cpp(45)bool Network::startServer():Server has started at here bind port: 23333
[INFOR]mainwindow.cpp(226)void MainWindow::startSystem():Starting network communication server.
[INFOR]mainwindow.cpp(232)void MainWindow::startSystem():Maybe all ready server had been checking successfully!
[INFOR]com/networkhandle.cpp(27)void NetworkHandle::start():ClientId: 0x18d0 ( QThread(0x162dd3b0) ) Connected.
[INFOR]com/networkhandle.cpp(10)void NetworkHandle::disconnected():ClientId: 0x18d0 ( QThread(0x162dd3b0) ) Disconnected.
[DEBUG]com/network.cpp(87)void Network::join(QThread*):Thread: QThread(0x162dd3b0) ( 0x840 ) deleted.
[INFOR]com/networkhandle.cpp(27)void NetworkHandle::start():ClientId: 0x1f50 ( QThread(0x162e6770) ) Connected.
[INFOR]com/networkhandle.cpp(27)void NetworkHandle::start():ClientId: 0x1ef0 ( QThread(0x162e6910) ) Connected.
[INFOR]com/networkhandle.cpp(27)void NetworkHandle::start():ClientId: 0x1dd0 ( QThread(0x162e6a50) ) Connected.
[INFOR]com/networkhandle.cpp(10)void NetworkHandle::disconnected():ClientId: 0x1dd0 ( QThread(0x162e6a50) ) Disconnected.
[DEBUG]com/network.cpp(87)void Network::join(QThread*):Thread: QThread(0x162e6a50) ( 0x840 ) deleted.
[INFOR]com/networkhandle.cpp(10)void NetworkHandle::disconnected():ClientId: 0x1ef0 ( QThread(0x162e6910) ) Disconnected.
[DEBUG]com/network.cpp(87)void Network::join(QThread*):Thread: QThread(0x162e6910) ( 0x840 ) deleted.
[INFOR]com/networkhandle.cpp(10)void NetworkHandle::disconnected():ClientId: 0x1f50 ( QThread(0x162e6770) ) Disconnected.
[DEBUG]com/network.cpp(87)void Network::join(QThread*):Thread: QThread(0x162e6770) ( 0x840 ) deleted.
[INFOR]com/database.cpp(18)virtual Database::~Database():Database close successfully.
[INFOR]mainwindow.cpp(89)void MainWindow::startSystem():Config: network port: 23333
[INFOR]mainwindow.cpp(99)void MainWindow::startSystem():Config: database name: "ruilx"
[INFOR]mainwindow.cpp(109)void MainWindow::startSystem():Config: database host: "127.0.0.1"
[INFOR]mainwindow.cpp(121)void MainWindow::startSystem():Config: database port: 3306
[INFOR]mainwindow.cpp(131)void MainWindow::startSystem():Config: database user: "root"
[INFOR]mainwindow.cpp(148)void MainWindow::startSystem():Config: gcc path: "D:/Qt5.5.0/Tools/mingw492_32/bin/gcc.exe"
[INFOR]mainwindow.cpp(169)void MainWindow::startSystem():Config: g++ path: "D:/Qt5.5.0/Tools/mingw492_32/bin/g++.exe"
[INFOR]mainwindow.cpp(191)void MainWindow::startSystem():Config: javac path: "D:/Program Files/Java/jdk1.8.0_77/bin/javac.exe"
[INFOR]mainwindow.cpp(206)void MainWindow::startSystem():Request to open database...
[INFOR]com/database.cpp(30)bool Database::open():Database open successfully: "root" @ "127.0.0.1" : 3306
[INFOR]mainwindow.cpp(216)void MainWindow::startSystem():Request to open network...
[DEBUG]com/network.cpp(45)bool Network::startServer():Server has started at here bind port: 23333
[INFOR]mainwindow.cpp(226)void MainWindow::startSystem():Starting network communication server.
[INFOR]mainwindow.cpp(232)void MainWindow::startSystem():Maybe all ready server had been checking successfully!
[INFOR]com/networkhandle.cpp(29)void NetworkHandle::start():ClientId: 0x15fc ( QThread(0x162cd200) ) Connected.
[INFOR]com/database.cpp(18)virtual Database::~Database():Database close successfully.
[INFOR]mainwindow.cpp(89)void MainWindow::startSystem():Config: network port: 23333
[INFOR]mainwindow.cpp(99)void MainWindow::startSystem():Config: database name: "ruilx"
[INFOR]mainwindow.cpp(109)void MainWindow::startSystem():Config: database host: "127.0.0.1"
[INFOR]mainwindow.cpp(121)void MainWindow::startSystem():Config: database port: 3306
[INFOR]mainwindow.cpp(131)void MainWindow::startSystem():Config: database user: "root"
[INFOR]mainwindow.cpp(148)void MainWindow::startSystem():Config: gcc path: "D:/Qt5.5.0/Tools/mingw492_32/bin/gcc.exe"
[INFOR]mainwindow.cpp(169)void MainWindow::startSystem():Config: g++ path: "D:/Qt5.5.0/Tools/mingw492_32/bin/g++.exe"
[INFOR]mainwindow.cpp(191)void MainWindow::startSystem():Config: javac path: "D:/Program Files/Java/jdk1.8.0_77/bin/javac.exe"
[INFOR]mainwindow.cpp(206)void MainWindow::startSystem():Request to open database...
[INFOR]com/database.cpp(30)bool Database::open():Database open successfully: "root" @ "127.0.0.1" : 3306
[INFOR]mainwindow.cpp(216)void MainWindow::startSystem():Request to open network...
[DEBUG]com/network.cpp(45)bool Network::startServer():Server has started at here bind port: 23333
[INFOR]mainwindow.cpp(226)void MainWindow::startSystem():Starting network communication server.
[INFOR]mainwindow.cpp(232)void MainWindow::startSystem():Maybe all ready server had been checking successfully!
[INFOR]com/networkhandle.cpp(27)void NetworkHandle::start():ClientId: 0x1e08 ( QThread(0x1626d300) ) Connected.
[INFOR]com/networkhandle.cpp(10)void NetworkHandle::disconnected():ClientId: 0x1e08 ( QThread(0x1626d300) ) Disconnected.
[DEBUG]com/network.cpp(89)void Network::join(QThread*):Thread: QThread(0x1626d300) ( 0x1f9c ) deleted.
[INFOR]com/database.cpp(18)virtual Database::~Database():Database close successfully.
